PLAYWRIGHT_MCP_SNAPSHOT_MODE=optimized node test-distillation.js https://mail.163.com/
=== 网页快照测试 ===
模式: OPTIMIZED
目标 URL: https://mail.163.com/

正在加载页面...
等待页面稳定...
正在捕获快照...

=== 蒸馏结果 ===

总元素数: 41
可见元素数: 27
过滤率: 34.1%

--- 蒸馏后的 HTML ---

<a id="1">手机App下载</a>
<a id="2">电脑客户端下载</a>
<a id="3">VIP</a>
<a id="4">会员</a>
<a id="5">靓号</a>
<a id="6">企业邮箱</a>
<a id="7">海外登录</a>
<a id="8">安全</a>
<a id="9">帮助</a>
<a id="10">反馈</a>
<a id="11">修复公示</a>
<h2 id="12">账号登录</h2>
<a id="13">注册新账号</a>
<a id="14">注册VIP</a>
<a id="15">《服务条款》</a>
<a id="16">《隐私政策》</a>
<a id="17" />
<a id="18">上一张</a>
<a id="19">下一张</a>
<a id="20">网易首页</a>
<a id="21">企业邮箱</a>
<a id="22">网易外贸通</a>
<a id="23">政府公益热线</a>
<a id="24">ICP备案 粤B2-20090191-18</a>
<a id="25">粤公网安备 44010602006299</a>
<a id="26">粤B2-20090191</a>
<a id="27">B2-20090058</a>

--- 元素元数据（前5个）---

[
  {
    "mcpId": 1,
    "tagName": "a",
    "text": "手机App下载",
    "bounds": {
      "x": 618.828125,
      "y": 24.390625,
      "width": 81.953125,
      "height": 17
    }
  },
  {
    "mcpId": 2,
    "tagName": "a",
    "text": "电脑客户端下载",
    "bounds": {
      "x": 704.78125,
      "y": 23.703125,
      "width": 96,
      "height": 17
    }
  },
  {
    "mcpId": 3,
    "tagName": "a",
    "text": "VIP",
    "bounds": {
      "x": 804.78125,
      "y": 23.703125,
      "width": 30.21875,
      "height": 17
    }
  },
  {
    "mcpId": 4,
    "tagName": "a",
    "text": "会员",
    "bounds": {
      "x": 839,
      "y": 23.703125,
      "width": 36,
      "height": 17
    }
  },
  {
    "mcpId": 5,
    "tagName": "a",
    "text": "靓号",
    "bounds": {
      "x": 879,
      "y": 23.703125,
      "width": 36,
      "height": 17
    }
  }
]